{
  "RSpec": {
    "coverage": {
      "/home/lively-integer-7968/tic-tac-toe-rb-bootcamp-prep-000/lib/tic_tac_toe.rb": [
        null,
        1,
        null,
        null,
        null,
        null,
        null,
        null,
        null,
        null,
        null,
        1,
        5,
        5,
        5,
        5,
        5,
        null,
        null,
        1,
        6,
        null,
        null,
        1,
        3,
        null,
        null,
        1,
        8,
        null,
        null,
        1,
        6,
        null,
        null,
        1,
        1,
        1,
        9,
        3,
        null,
        null,
        1,
        null,
        null,
        1,
        null,
        3,
        0,
        0,
        null,
        0,
        null,
        0,
        null,
        null,
        1,
        3,
        3,
        3,
        3,
        2,
        0,
        0,
        null,
        1,
        null,
        null,
        null,
        1,
        2,
        14,
        14,
        14,
        null,
        14,
        14,
        14,
        null,
        14,
        1,
        13,
        0,
        null,
        null,
        1,
        null,
        null
      ]
    },
    "timestamp": 1595437344
  }
}
